<?xml version="1.0" encoding="UTF-8"?>
<!-- Generated by org.testng.reporters.JUnitReportReporter -->
<testsuite skipped="0" hostname="Vijay-PC" name="Script.adjustmentbutton" tests="1" failures="0" timestamp="26 Jun 2018 08:00:05 GMT" time="49.544" errors="0">
  <testcase name="Test" time="49.544" classname="Script.adjustmentbutton"/>
</testsuite> <!-- Script.adjustmentbutton -->
