<?xml version="1.0" encoding="UTF-8"?>
<!-- Generated by org.testng.reporters.JUnitReportReporter -->
<testsuite skipped="0" hostname="Vijay-PC" name="PomLoginScript.snapedealtest" tests="1" failures="0" timestamp="25 Jun 2018 11:23:45 GMT" time="23.283" errors="0">
  <testcase name="TEST" time="23.283" classname="PomLoginScript.snapedealtest"/>
</testsuite> <!-- PomLoginScript.snapedealtest -->
