<?xml version="1.0" encoding="UTF-8"?>
<!-- Generated by org.testng.reporters.JUnitReportReporter -->
<testsuite skipped="0" hostname="Vijay-PC" name="Script.Product_WishList_Cart" tests="1" failures="0" timestamp="26 Jun 2018 08:00:05 GMT" time="58.069" errors="0">
  <testcase name="test" time="58.069" classname="Script.Product_WishList_Cart"/>
</testsuite> <!-- Script.Product_WishList_Cart -->
