<?xml version="1.0" encoding="UTF-8"?>
<!-- Generated by org.testng.reporters.JUnitReportReporter -->
<testsuite skipped="0" hostname="Vijay-PC" name="Script.ProductTOCart" tests="1" failures="0" timestamp="26 Jun 2018 08:00:05 GMT" time="53.234" errors="0">
  <testcase name="test" time="53.234" classname="Script.ProductTOCart"/>
</testsuite> <!-- Script.ProductTOCart -->
