<?xml version="1.0" encoding="UTF-8"?>
<!-- Generated by org.testng.reporters.JUnitReportReporter -->
<testsuite skipped="0" hostname="Vijay-PC" name="Script.BuyGiftCrd" tests="1" failures="0" timestamp="26 Jun 2018 08:00:05 GMT" time="50.866" errors="0">
  <testcase name="test" time="50.866" classname="Script.BuyGiftCrd"/>
</testsuite> <!-- Script.BuyGiftCrd -->
