<?xml version="1.0" encoding="UTF-8"?>
<!-- Generated by org.testng.reporters.JUnitReportReporter -->
<testsuite skipped="0" hostname="Vijay-PC" name="Script.Customise_Product_Size" tests="1" failures="0" timestamp="26 Jun 2018 08:00:05 GMT" time="60.056" errors="0">
  <testcase name="test" time="60.056" classname="Script.Customise_Product_Size"/>
</testsuite> <!-- Script.Customise_Product_Size -->
